0 info it worked if it ends with ok
1 verbose cli [ 'C:\\Program Files\\nodejs\\\\node.exe',
1 verbose cli   'C:\\Program Files\\nodejs\\node_modules\\npm\\bin\\npm-cli.js',
1 verbose cli   'install',
1 verbose cli   'ngCordova' ]
2 info using npm@2.11.3
3 info using node@v0.12.7
4 verbose install initial load of F:\Syncery\syncery-app2\package.json
5 verbose readDependencies loading dependencies from F:\Syncery\syncery-app2\package.json
6 silly cache add args [ 'ngCordova', null ]
7 verbose cache add spec ngCordova
8 silly cache add parsed spec { raw: 'ngCordova',
8 silly cache add   scope: null,
8 silly cache add   name: 'ngCordova',
8 silly cache add   rawSpec: '',
8 silly cache add   spec: '*',
8 silly cache add   type: 'range' }
9 silly addNamed ngCordova@*
10 verbose addNamed "*" is a valid semver range for ngCordova
11 silly addNameRange { name: 'ngCordova', range: '*', hasData: false }
12 silly mapToRegistry name ngCordova
13 silly mapToRegistry using default registry
14 silly mapToRegistry registry http://registry.npmjs.org/
15 silly mapToRegistry uri http://registry.npmjs.org/ngCordova
16 verbose addNameRange registry:http://registry.npmjs.org/ngCordova not in flight; fetching
17 verbose request uri http://registry.npmjs.org/ngCordova
18 verbose request no auth needed
19 info attempt registry request try #1 at 20:02:38
20 verbose request id b060c7d423075209
21 http request GET http://registry.npmjs.org/ngCordova
22 http 404 http://registry.npmjs.org/ngCordova
23 verbose headers { 'content-type': 'application/json',
23 verbose headers   'cache-control': 'max-age=0',
23 verbose headers   'content-length': '2',
23 verbose headers   'accept-ranges': 'bytes',
23 verbose headers   date: 'Sat, 14 Nov 2015 13:02:42 GMT',
23 verbose headers   via: '1.1 varnish',
23 verbose headers   age: '1',
23 verbose headers   'x-served-by': 'cache-sin6926-SIN',
23 verbose headers   'x-cache': 'MISS',
23 verbose headers   'x-cache-hits': '0',
23 verbose headers   'x-timer': 'S1447506161.866402,VS0,VE253',
23 verbose headers   connection: 'keep-alive' }
24 silly get cb [ 404,
24 silly get   { 'content-type': 'application/json',
24 silly get     'cache-control': 'max-age=0',
24 silly get     'content-length': '2',
24 silly get     'accept-ranges': 'bytes',
24 silly get     date: 'Sat, 14 Nov 2015 13:02:42 GMT',
24 silly get     via: '1.1 varnish',
24 silly get     age: '1',
24 silly get     'x-served-by': 'cache-sin6926-SIN',
24 silly get     'x-cache': 'MISS',
24 silly get     'x-cache-hits': '0',
24 silly get     'x-timer': 'S1447506161.866402,VS0,VE253',
24 silly get     connection: 'keep-alive' } ]
25 verbose stack Error: Registry returned 404 for GET on http://registry.npmjs.org/ngCordova
25 verbose stack     at CachingRegistryClient.<anonymous> (C:\Program Files\nodejs\node_modules\npm\node_modules\npm-registry-client\lib\request.js:239:14)
25 verbose stack     at Request._callback (C:\Program Files\nodejs\node_modules\npm\node_modules\npm-registry-client\lib\request.js:170:14)
25 verbose stack     at Request.self.callback (C:\Program Files\nodejs\node_modules\npm\node_modules\request\request.js:354:22)
25 verbose stack     at Request.emit (events.js:110:17)
25 verbose stack     at Request.<anonymous> (C:\Program Files\nodejs\node_modules\npm\node_modules\request\request.js:1207:14)
25 verbose stack     at Request.emit (events.js:129:20)
25 verbose stack     at IncomingMessage.<anonymous> (C:\Program Files\nodejs\node_modules\npm\node_modules\request\request.js:1153:12)
25 verbose stack     at IncomingMessage.emit (events.js:129:20)
25 verbose stack     at _stream_readable.js:908:16
25 verbose stack     at process._tickCallback (node.js:355:11)
26 verbose statusCode 404
27 verbose pkgid ngCordova
28 verbose cwd F:\Syncery\syncery-app2
29 error Windows_NT 6.3.9600
30 error argv "C:\\Program Files\\nodejs\\\\node.exe" "C:\\Program Files\\nodejs\\node_modules\\npm\\bin\\npm-cli.js" "install" "ngCordova"
31 error node v0.12.7
32 error npm  v2.11.3
33 error code E404
34 error 404 Registry returned 404 for GET on http://registry.npmjs.org/ngCordova
34 error 404
34 error 404 'ngCordova' is not in the npm registry.
34 error 404 Your package name is not valid, because
34 error 404
34 error 404  1. name can no longer contain capital letters
34 error 404
34 error 404 Note that you can also install from a
34 error 404 tarball, folder, http url, or git url.
35 verbose exit [ 1, true ]
