0 info it worked if it ends with ok
1 verbose cli [ 'C:\\Program Files\\nodejs\\\\node.exe',
1 verbose cli   'C:\\Program Files\\nodejs\\node_modules\\npm\\bin\\npm-cli.js',
1 verbose cli   'install',
1 verbose cli   '-g',
1 verbose cli   'angular-apimock' ]
2 info using npm@2.11.3
3 info using node@v0.12.7
4 verbose install initial load of C:\Users\Marcus\AppData\Roaming\npm\package.json
5 verbose readDependencies loading dependencies from C:\Users\Marcus\AppData\Roaming\npm\package.json
6 silly cache add args [ 'angular-apimock', null ]
7 verbose cache add spec angular-apimock
8 silly cache add parsed spec { raw: 'angular-apimock',
8 silly cache add   scope: null,
8 silly cache add   name: 'angular-apimock',
8 silly cache add   rawSpec: '',
8 silly cache add   spec: '*',
8 silly cache add   type: 'range' }
9 silly addNamed angular-apimock@*
10 verbose addNamed "*" is a valid semver range for angular-apimock
11 silly addNameRange { name: 'angular-apimock', range: '*', hasData: false }
12 silly mapToRegistry name angular-apimock
13 silly mapToRegistry using default registry
14 silly mapToRegistry registry http://registry.npmjs.org/
15 silly mapToRegistry uri http://registry.npmjs.org/angular-apimock
16 verbose addNameRange registry:http://registry.npmjs.org/angular-apimock not in flight; fetching
17 verbose request uri http://registry.npmjs.org/angular-apimock
18 verbose request no auth needed
19 info attempt registry request try #1 at 10:59:36
20 verbose request id 72e0fbe58e270f35
21 http request GET http://registry.npmjs.org/angular-apimock
22 http 200 http://registry.npmjs.org/angular-apimock
23 silly get cb [ 200,
23 silly get   { server: 'CouchDB/1.5.0 (Erlang OTP/R16B03)',
23 silly get     etag: '"8O6Z5L7F8W1X7LX8DOTY72VKX"',
23 silly get     'content-type': 'application/json',
23 silly get     'cache-control': 'max-age=60',
23 silly get     'content-length': '11411',
23 silly get     'accept-ranges': 'bytes',
23 silly get     date: 'Mon, 21 Sep 2015 08:59:36 GMT',
23 silly get     via: '1.1 varnish',
23 silly get     age: '0',
23 silly get     connection: 'keep-alive',
23 silly get     'x-served-by': 'cache-ams4142-AMS',
23 silly get     'x-cache': 'MISS',
23 silly get     'x-cache-hits': '0',
23 silly get     'x-timer': 'S1442825976.157307,VS0,VE106',
23 silly get     vary: 'Accept' } ]
24 verbose get saving angular-apimock to C:\Users\Marcus\AppData\Roaming\npm-cache\registry.npmjs.org\angular-apimock\.cache.json
25 silly addNameRange number 2 { name: 'angular-apimock', range: '*', hasData: true }
26 silly addNameRange versions [ 'angular-apimock', [ '0.2.0' ] ]
27 silly addNamed angular-apimock@0.2.0
28 verbose addNamed "0.2.0" is a plain semver version for angular-apimock
29 silly mapToRegistry name angular-apimock
30 silly mapToRegistry using default registry
31 silly mapToRegistry registry http://registry.npmjs.org/
32 silly mapToRegistry uri http://registry.npmjs.org/angular-apimock
33 verbose addRemoteTarball http://registry.npmjs.org/angular-apimock/-/angular-apimock-0.2.0.tgz not in flight; adding
34 verbose addRemoteTarball [ 'http://registry.npmjs.org/angular-apimock/-/angular-apimock-0.2.0.tgz',
34 verbose addRemoteTarball   '3785803e7d45f98a2d564b4cae9d459151f034c5' ]
35 info retry fetch attempt 1 at 10:59:37
36 info attempt registry request try #1 at 10:59:37
37 http fetch GET http://registry.npmjs.org/angular-apimock/-/angular-apimock-0.2.0.tgz
38 http fetch 200 http://registry.npmjs.org/angular-apimock/-/angular-apimock-0.2.0.tgz
39 silly fetchAndShaCheck shasum 3785803e7d45f98a2d564b4cae9d459151f034c5
40 verbose addTmpTarball C:\Users\Marcus\AppData\Local\Temp\npm-4836-f500d346\registry.npmjs.org\angular-apimock\-\angular-apimock-0.2.0.tgz not in flight; adding
41 verbose addTmpTarball already have metadata; skipping unpack for angular-apimock@0.2.0
42 silly cache afterAdd angular-apimock@0.2.0
43 verbose afterAdd C:\Users\Marcus\AppData\Roaming\npm-cache\angular-apimock\0.2.0\package\package.json not in flight; writing
44 verbose afterAdd C:\Users\Marcus\AppData\Roaming\npm-cache\angular-apimock\0.2.0\package\package.json written
45 silly install resolved [ { name: 'angular-apimock',
45 silly install resolved     version: '0.2.0',
45 silly install resolved     author:
45 silly install resolved      { name: 'John-Philip Johansson',
45 silly install resolved        email: 'seriema@gmail.com',
45 silly install resolved        url: 'http://johansson.jp/' },
45 silly install resolved     homepage: 'http://johansson.jp/angular-apimock/',
45 silly install resolved     bugs: { url: 'https://github.com/seriema/angular-apimock/issues' },
45 silly install resolved     repository:
45 silly install resolved      { type: 'git',
45 silly install resolved        url: 'git://github.com/seriema/angular-apimock.git' },
45 silly install resolved     license: 'MIT',
45 silly install resolved     dependencies: {},
45 silly install resolved     devDependencies:
45 silly install resolved      { grunt: '^0.4.5',
45 silly install resolved        'grunt-bump': '^0.3.0',
45 silly install resolved        'grunt-contrib-clean': '^0.6.0',
45 silly install resolved        'grunt-contrib-concat': '^0.5.0',
45 silly install resolved        'grunt-contrib-connect': '^0.11.2',
45 silly install resolved        'grunt-contrib-jshint': '^0.11.1',
45 silly install resolved        'grunt-contrib-uglify': '^0.9.1',
45 silly install resolved        'grunt-contrib-watch': '^0.6.0',
45 silly install resolved        'grunt-conventional-changelog': '^3.0.0',
45 silly install resolved        'grunt-coveralls': '^1.0.0',
45 silly install resolved        'grunt-karma': '^0.12.0',
45 silly install resolved        'grunt-newer': '^1.1.0',
45 silly install resolved        'grunt-ng-annotate': '^1.0.1',
45 silly install resolved        'grunt-nuget': '^0.1.3',
45 silly install resolved        jasmine: '^2.3.2',
45 silly install resolved        'jasmine-core': '^2.3.4',
45 silly install resolved        'jshint-stylish': '^2.0.1',
45 silly install resolved        karma: '^0.13.4',
45 silly install resolved        'karma-coverage': '^0.5.0',
45 silly install resolved        'karma-firefox-launcher': '^0.1.3',
45 silly install resolved        'karma-jasmine': '^0.3.6',
45 silly install resolved        'karma-ng-scenario': '~0.1.0',
45 silly install resolved        'karma-phantomjs-launcher': '^0.2.0',
45 silly install resolved        'karma-sauce-launcher': '^0.2.14',
45 silly install resolved        'karma-script-launcher': '~0.1.0',
45 silly install resolved        'load-grunt-tasks': '^3.1.0',
45 silly install resolved        phantomjs: '^1.9.17',
45 silly install resolved        'time-grunt': '^1.0.0' },
45 silly install resolved     engines: { node: '>=0.12.0' },
45 silly install resolved     scripts:
45 silly install resolved      { postinstall: 'bower install',
45 silly install resolved        test: 'grunt test',
45 silly install resolved        debug: 'karma start karma.conf.js --browsers=Chrome --debug --autoWatch=true',
45 silly install resolved        saucelabs: 'grunt karma:sauce',
45 silly install resolved        coveralls: 'grunt coveralls' },
45 silly install resolved     gitHead: 'f174758c98e96ccfa971ffc863d3d01c40eb2a2d',
45 silly install resolved     description: 'ApiMock is a minimal (1.5kb gzipped) library for AngularJS that allows you to mock your RESTful API by routing your API calls to static JSON files.',
45 silly install resolved     _id: 'angular-apimock@0.2.0',
45 silly install resolved     _shasum: '3785803e7d45f98a2d564b4cae9d459151f034c5',
45 silly install resolved     _from: 'angular-apimock@*',
45 silly install resolved     _npmVersion: '2.13.1',
45 silly install resolved     _nodeVersion: '0.12.2',
45 silly install resolved     _npmUser: { name: 'seriema', email: 'seriema@gmail.com' },
45 silly install resolved     maintainers: [ [Object] ],
45 silly install resolved     dist:
45 silly install resolved      { shasum: '3785803e7d45f98a2d564b4cae9d459151f034c5',
45 silly install resolved        tarball: 'http://registry.npmjs.org/angular-apimock/-/angular-apimock-0.2.0.tgz' },
45 silly install resolved     directories: {},
45 silly install resolved     _resolved: 'http://registry.npmjs.org/angular-apimock/-/angular-apimock-0.2.0.tgz' } ]
46 info install angular-apimock@0.2.0 into C:\Users\Marcus\AppData\Roaming\npm
47 info installOne angular-apimock@0.2.0
48 verbose installOne of angular-apimock to C:\Users\Marcus\AppData\Roaming\npm not in flight; installing
49 verbose lock using C:\Users\Marcus\AppData\Roaming\npm-cache\_locks\angular-apimock-5f0c274a6acceae1.lock for C:\Users\Marcus\AppData\Roaming\npm\node_modules\angular-apimock
50 silly install write writing angular-apimock 0.2.0 to C:\Users\Marcus\AppData\Roaming\npm\node_modules\angular-apimock
51 verbose unbuild node_modules\angular-apimock
52 silly gentlyRm C:\Users\Marcus\AppData\Roaming\npm\node_modules\angular-apimock is being purged from base C:\Users\Marcus\AppData\Roaming\npm
53 verbose gentlyRm don't care about contents; nuking C:\Users\Marcus\AppData\Roaming\npm\node_modules\angular-apimock
54 verbose tar unpack C:\Users\Marcus\AppData\Roaming\npm-cache\angular-apimock\0.2.0\package.tgz
55 verbose tar unpacking to C:\Users\Marcus\AppData\Roaming\npm\node_modules\angular-apimock
56 silly gentlyRm C:\Users\Marcus\AppData\Roaming\npm\node_modules\angular-apimock is being purged
57 verbose gentlyRm don't care about contents; nuking C:\Users\Marcus\AppData\Roaming\npm\node_modules\angular-apimock
58 silly gunzTarPerm modes [ '777', '666' ]
59 silly gunzTarPerm extractEntry package.json
60 silly gunzTarPerm modified mode [ 'package.json', 420, 438 ]
61 silly gunzTarPerm extractEntry .npmignore
62 silly gunzTarPerm modified mode [ '.npmignore', 420, 438 ]
63 silly gunzTarPerm extractEntry README.md
64 silly gunzTarPerm modified mode [ 'README.md', 420, 438 ]
65 silly gunzTarPerm extractEntry LICENSE
66 silly gunzTarPerm modified mode [ 'LICENSE', 420, 438 ]
67 silly gunzTarPerm extractEntry Gruntfile.js
68 silly gunzTarPerm modified mode [ 'Gruntfile.js', 420, 438 ]
69 silly gunzTarPerm extractEntry karma-e2e.conf.js
70 silly gunzTarPerm modified mode [ 'karma-e2e.conf.js', 420, 438 ]
71 silly gunzTarPerm extractEntry karma.conf.js
72 silly gunzTarPerm modified mode [ 'karma.conf.js', 420, 438 ]
73 silly gunzTarPerm extractEntry .jshintrc
74 silly gunzTarPerm modified mode [ '.jshintrc', 420, 438 ]
75 silly gunzTarPerm extractEntry .travis.yml
76 silly gunzTarPerm modified mode [ '.travis.yml', 420, 438 ]
77 silly gunzTarPerm extractEntry CHANGELOG.md
78 silly gunzTarPerm modified mode [ 'CHANGELOG.md', 420, 438 ]
79 silly gunzTarPerm extractEntry CONTRIBUTING.md
80 silly gunzTarPerm modified mode [ 'CONTRIBUTING.md', 420, 438 ]
81 silly gunzTarPerm extractEntry .editorconfig
82 silly gunzTarPerm modified mode [ '.editorconfig', 420, 438 ]
83 silly gunzTarPerm extractEntry .bowerrc
84 silly gunzTarPerm modified mode [ '.bowerrc', 420, 438 ]
85 silly gunzTarPerm extractEntry app/index.html
86 silly gunzTarPerm modified mode [ 'app/index.html', 420, 438 ]
87 silly gunzTarPerm extractEntry app/mock_data/people/pikachu.get.json
88 silly gunzTarPerm modified mode [ 'app/mock_data/people/pikachu.get.json', 420, 438 ]
89 silly gunzTarPerm extractEntry app/scripts/angular-apimock.js
90 silly gunzTarPerm modified mode [ 'app/scripts/angular-apimock.js', 420, 438 ]
91 silly gunzTarPerm extractEntry bower.json
92 silly gunzTarPerm modified mode [ 'bower.json', 420, 438 ]
93 silly gunzTarPerm extractEntry dist/angular-apimock.js
94 silly gunzTarPerm modified mode [ 'dist/angular-apimock.js', 420, 438 ]
95 silly gunzTarPerm extractEntry dist/angular-apimock.min.js
96 silly gunzTarPerm modified mode [ 'dist/angular-apimock.min.js', 420, 438 ]
97 silly gunzTarPerm extractEntry .gitattributes
98 silly gunzTarPerm modified mode [ '.gitattributes', 420, 438 ]
99 silly gunzTarPerm extractEntry nuget/Angular-ApiMock.0.1.6.nupkg
100 silly gunzTarPerm modified mode [ 'nuget/Angular-ApiMock.0.1.6.nupkg', 420, 438 ]
101 silly gunzTarPerm extractEntry nuget/Angular-ApiMock.0.1.7.nupkg
102 silly gunzTarPerm modified mode [ 'nuget/Angular-ApiMock.0.1.7.nupkg', 420, 438 ]
103 silly gunzTarPerm extractEntry nuget/Angular-ApiMock.0.1.8.nupkg
104 silly gunzTarPerm modified mode [ 'nuget/Angular-ApiMock.0.1.8.nupkg', 420, 438 ]
105 silly gunzTarPerm extractEntry nuget/Angular-ApiMock.0.2.0.nupkg
106 silly gunzTarPerm modified mode [ 'nuget/Angular-ApiMock.0.2.0.nupkg', 420, 438 ]
107 silly gunzTarPerm extractEntry package.nuspec
108 silly gunzTarPerm modified mode [ 'package.nuspec', 420, 438 ]
109 silly gunzTarPerm extractEntry test/.jshintrc
110 silly gunzTarPerm modified mode [ 'test/.jshintrc', 420, 438 ]
111 silly gunzTarPerm extractEntry test/ref/angular-mocks-v1.2.js
112 silly gunzTarPerm modified mode [ 'test/ref/angular-mocks-v1.2.js', 420, 438 ]
113 silly gunzTarPerm extractEntry test/ref/angular-mocks-v1.3.js
114 silly gunzTarPerm modified mode [ 'test/ref/angular-mocks-v1.3.js', 420, 438 ]
115 silly gunzTarPerm extractEntry test/ref/angular-mocks-v1.4.js
116 silly gunzTarPerm modified mode [ 'test/ref/angular-mocks-v1.4.js', 420, 438 ]
117 silly gunzTarPerm extractEntry test/ref/angular-v1.2.js
118 silly gunzTarPerm modified mode [ 'test/ref/angular-v1.2.js', 420, 438 ]
119 silly gunzTarPerm extractEntry test/ref/angular-v1.3.js
120 silly gunzTarPerm modified mode [ 'test/ref/angular-v1.3.js', 420, 438 ]
121 silly gunzTarPerm extractEntry test/ref/angular-v1.4.js
122 silly gunzTarPerm modified mode [ 'test/ref/angular-v1.4.js', 420, 438 ]
123 silly gunzTarPerm extractEntry test/spec/services/angular-apimock.js
124 silly gunzTarPerm modified mode [ 'test/spec/services/angular-apimock.js', 420, 438 ]
125 verbose write writing to C:\Users\Marcus\AppData\Roaming\npm\node_modules\angular-apimock\package.json
126 info preinstall angular-apimock@0.2.0
127 verbose readDependencies loading dependencies from C:\Users\Marcus\AppData\Roaming\npm\node_modules\angular-apimock\package.json
128 verbose readDependencies loading dependencies from C:\Users\Marcus\AppData\Roaming\npm\node_modules\angular-apimock\package.json
129 silly install resolved []
130 verbose about to build C:\Users\Marcus\AppData\Roaming\npm\node_modules\angular-apimock
131 info build C:\Users\Marcus\AppData\Roaming\npm\node_modules\angular-apimock
132 info linkStuff angular-apimock@0.2.0
133 silly linkStuff angular-apimock@0.2.0 has C:\Users\Marcus\AppData\Roaming\npm\node_modules as its parent node_modules
134 silly linkStuff angular-apimock@0.2.0 is part of a global install
135 silly linkStuff angular-apimock@0.2.0 is installed into a global node_modules
136 silly linkStuff angular-apimock@0.2.0 is installed into the top-level global node_modules
137 verbose linkBins angular-apimock@0.2.0
138 verbose linkMans angular-apimock@0.2.0
139 verbose rebuildBundles angular-apimock@0.2.0
140 info install angular-apimock@0.2.0
141 info postinstall angular-apimock@0.2.0
142 verbose unsafe-perm in lifecycle true
143 info angular-apimock@0.2.0 Failed to exec postinstall script
144 verbose unlock done using C:\Users\Marcus\AppData\Roaming\npm-cache\_locks\angular-apimock-5f0c274a6acceae1.lock for C:\Users\Marcus\AppData\Roaming\npm\node_modules\angular-apimock
145 verbose stack Error: angular-apimock@0.2.0 postinstall: `bower install`
145 verbose stack Exit status 1
145 verbose stack     at EventEmitter.<anonymous> (C:\Program Files\nodejs\node_modules\npm\lib\utils\lifecycle.js:213:16)
145 verbose stack     at EventEmitter.emit (events.js:110:17)
145 verbose stack     at ChildProcess.<anonymous> (C:\Program Files\nodejs\node_modules\npm\lib\utils\spawn.js:24:14)
145 verbose stack     at ChildProcess.emit (events.js:110:17)
145 verbose stack     at maybeClose (child_process.js:1015:16)
145 verbose stack     at Process.ChildProcess._handle.onexit (child_process.js:1087:5)
146 verbose pkgid angular-apimock@0.2.0
147 verbose cwd F:\App\syncery-app\syncery1
148 error Windows_NT 6.3.9600
149 error argv "C:\\Program Files\\nodejs\\\\node.exe" "C:\\Program Files\\nodejs\\node_modules\\npm\\bin\\npm-cli.js" "install" "-g" "angular-apimock"
150 error node v0.12.7
151 error npm  v2.11.3
152 error code ELIFECYCLE
153 error angular-apimock@0.2.0 postinstall: `bower install`
153 error Exit status 1
154 error Failed at the angular-apimock@0.2.0 postinstall script 'bower install'.
154 error This is most likely a problem with the angular-apimock package,
154 error not with npm itself.
154 error Tell the author that this fails on your system:
154 error     bower install
154 error You can get their info via:
154 error     npm owner ls angular-apimock
154 error There is likely additional logging output above.
155 verbose exit [ 1, true ]
156 verbose unbuild node_modules\angular-apimock
157 info preuninstall angular-apimock@0.2.0
158 info uninstall angular-apimock@0.2.0
159 verbose unbuild rmStuff angular-apimock@0.2.0 from C:\Users\Marcus\AppData\Roaming\npm\node_modules
160 info postuninstall angular-apimock@0.2.0
161 silly gentlyRm C:\Users\Marcus\AppData\Roaming\npm\node_modules\angular-apimock is being purged from base C:\Users\Marcus\AppData\Roaming\npm
162 verbose gentlyRm don't care about contents; nuking C:\Users\Marcus\AppData\Roaming\npm\node_modules\angular-apimock
163 silly vacuum-fs purging C:\Users\Marcus\AppData\Roaming\npm\node_modules\angular-apimock
164 silly vacuum-fs quitting because other entries in C:\Users\Marcus\AppData\Roaming\npm\node_modules
